<?xml version="1.0" encoding="UTF-8"?>
<testsuite xmlns:xsi="http://www.w3.org/2001/XMLSchema-instance" xsi:noNamespaceSchemaLocation="https://maven.apache.org/surefire/maven-surefire-plugin/xsd/surefire-test-report-3.0.xsd" version="3.0" name="com.michal.calculator.application.core.CalculationHandlerTest" time="0.131" tests="18" errors="0" skipped="0" failures="0">
  <properties>
[...]
</properties>
  <testcase name="when_manyAddOperationWithFloatingPointNumbers_then_returnResult" classname="com.michal.calculator.application.core.CalculationHandlerTest" time="0.076"/>
  <testcase name="when_manyDivisionOperationWithNaturalNumbers_then_returnResult" classname="com.michal.calculator.application.core.CalculationHandlerTest" time="0.001"/>
  <testcase name="when_onlyApplyExpression_then_returnResult" classname="com.michal.calculator.application.core.CalculationHandlerTest" time="0.001"/>
  <testcase name="when_singleDivisionOperationWithNaturalNumbers_then_returnResult" classname="com.michal.calculator.application.core.CalculationHandlerTest" time="0.001"/>
  <testcase name="when_singleAddOperationWithNaturalNumbers_then_returnResult" classname="com.michal.calculator.application.core.CalculationHandlerTest" time="0.001"/>
  <testcase name="when_manyOperationWithNaturalNumbers_then_returnResult" classname="com.michal.calculator.application.core.CalculationHandlerTest" time="0.001"/>
  <testcase name="when_singleSubtractionOperationWithNaturalNumbers_then_returnResult" classname="com.michal.calculator.application.core.CalculationHandlerTest" time="0.001"/>
  <testcase name="when_manyDivisionOperationWithFloatingPointNumbers_then_returnResult" classname="com.michal.calculator.application.core.CalculationHandlerTest" time="0.0"/>
  <testcase name="when_manyMultiplicationOperationWithFloatingPointNumbers_then_returnResult" classname="com.michal.calculator.application.core.CalculationHandlerTest" time="0.0"/>
  <testcase name="when_manyMultiplicationOperationWithNaturalNumbers_then_returnResult" classname="com.michal.calculator.application.core.CalculationHandlerTest" time="0.001"/>
  <testcase name="when_manyOperationWithFloatingPointNumbers_then_returnResult" classname="com.michal.calculator.application.core.CalculationHandlerTest" time="0.001"/>
  <testcase name="when_singleMultiplicationOperationWithNaturalNumbers_then_returnResult" classname="com.michal.calculator.application.core.CalculationHandlerTest" time="0.001"/>
  <testcase name="when_manySubtractionOperationWithNaturalNumbers_then_returnResult" classname="com.michal.calculator.application.core.CalculationHandlerTest" time="0.001"/>
  <testcase name="when_manyOperationWithLargeFloatingPointNumbers_then_returnResult" classname="com.michal.calculator.application.core.CalculationHandlerTest" time="0.001"/>
  <testcase name="when_divideBy0_then_throwException" classname="com.michal.calculator.application.core.CalculationHandlerTest" time="0.011"/>
  <testcase name="when_manyAddOperationWithNaturalNumbers_then_returnResult" classname="com.michal.calculator.application.core.CalculationHandlerTest" time="0.001"/>
  <testcase name="when_manySubtractionOperationWithFloatingPointNumbers_then_returnResult" classname="com.michal.calculator.application.core.CalculationHandlerTest" time="0.001"/>
  <testcase name="when_noOperator_then_throwException" classname="com.michal.calculator.application.core.CalculationHandlerTest" time="0.002"/>
</testsuite>